[    0.000000] Initializing cgroup subsys cpuset
[    0.000000] Initializing cgroup subsys cpu
[    0.000000] Initializing cgroup subsys cpuacct
[    0.000000] Linux version 4.4.0-161-generic (buildd@lcy01-amd64-018) (gcc version 5.4.0 20160609 (Ubuntu 5.4.0-6ubuntu1~16.04.10) ) #189-Ubuntu SMP Tue Aug 27 08:10:16 UTC 2019 (Ubuntu 4.4.0-161.189-generic 4.4.186)
[    0.000000] Command line: BOOT_IMAGE=/boot/vmlinuz-4.4.0-161-generic root=LABEL=cloudimg-rootfs ro console=tty1 console=ttyS0
[    0.000000] KERNEL supported cpus:
[    0.000000]   Intel GenuineIntel
[    0.000000]   AMD AuthenticAMD
[    0.000000]   Centaur CentaurHauls
[    0.000000] [Firmware Bug]: TSC doesn't count with P0 frequency!
[    0.000000] x86/fpu: xstate_offset[2]:  576, xstate_sizes[2]:  256
[    0.000000] x86/fpu: Supporting XSAVE feature 0x01: 'x87 floating point registers'
[    0.000000] x86/fpu: Supporting XSAVE feature 0x02: 'SSE registers'
[    0.000000] x86/fpu: Supporting XSAVE feature 0x04: 'AVX registers'
[    0.000000] x86/fpu: Enabled xstate features 0x7, context size is 832 bytes, using 'standard' format.
[    0.000000] e820: BIOS-provided physical RAM map:
[    0.000000] BIOS-e820: [mem 0x0000000000000000-0x000000000009fbff] usable
[    0.000000] BIOS-e820: [mem 0x000000000009fc00-0x000000000009ffff] reserved
[    0.000000] BIOS-e820: [mem 0x00000000000f0000-0x00000000000fffff] reserved
[    0.000000] BIOS-e820: [mem 0x0000000000100000-0x000000003ffeffff] usable
[    0.000000] BIOS-e820: [mem 0x000000003fff0000-0x000000003fffffff] ACPI data
[    0.000000] BIOS-e820: [mem 0x00000000fec00000-0x00000000fec00fff] reserved
[    0.000000] BIOS-e820: [mem 0x00000000fee00000-0x00000000fee00fff] reserved
[    0.000000] BIOS-e820: [mem 0x00000000fffc0000-0x00000000ffffffff] reserved
[    0.000000] NX (Execute Disable) protection: active
[    0.000000] SMBIOS 2.5 present.
[    0.000000] Hypervisor detected: KVM
[    0.000000] Kernel/User page tables isolation: disabled
[    0.000000] e820: last_pfn = 0x3fff0 max_arch_pfn = 0x400000000
[    0.000000] MTRR: Disabled
[    0.000000] x86/PAT: MTRRs disabled, skipping PAT initialization too.
[    0.000000] CPU MTRRs all blank - virtualized system.
[    0.000000] x86/PAT: Configuration [0-7]: WB  WT  UC- UC  WB  WT  UC- UC  
[    0.000000] found SMP MP-table at [mem 0x0009fff0-0x0009ffff] mapped at [ffff88000009fff0]
[    0.000000] Scanning 1 areas for low memory corruption
[    0.000000] RAMDISK: [mem 0x362f8000-0x37173fff]
[    0.000000] ACPI: Early table checksum verification disabled
[    0.000000] ACPI: RSDP 0x00000000000E0000 000024 (v02 VBOX  )
[    0.000000] ACPI: XSDT 0x000000003FFF0030 00003C (v01 VBOX   VBOXXSDT 00000001 ASL  00000061)
[    0.000000] ACPI: FACP 0x000000003FFF00F0 0000F4 (v04 VBOX   VBOXFACP 00000001 ASL  00000061)
[    0.000000] ACPI: DSDT 0x000000003FFF0470 0022EA (v02 VBOX   VBOXBIOS 00000002 INTL 20100528)
[    0.000000] ACPI: FACS 0x000000003FFF0200 000040
[    0.000000] ACPI: FACS 0x000000003FFF0200 000040
[    0.000000] ACPI: APIC 0x000000003FFF0240 00005C (v02 VBOX   VBOXAPIC 00000001 ASL  00000061)
[    0.000000] ACPI: SSDT 0x000000003FFF02A0 0001CC (v01 VBOX   VBOXCPUT 00000002 INTL 20100528)
[    0.000000] No NUMA configuration found
[    0.000000] Faking a node at [mem 0x0000000000000000-0x000000003ffeffff]
[    0.000000] NODE_DATA(0) allocated [mem 0x3ffeb000-0x3ffeffff]
[    0.000000] kvm-clock: Using msrs 4b564d01 and 4b564d00
[    0.000000] kvm-clock: cpu 0, msr 0:3ffe3001, primary cpu clock
[    0.000000] kvm-clock: using sched offset of 6740191212 cycles
[    0.000000] clocksource: kvm-clock: mask: 0xffffffffffffffff max_cycles: 0x1cd42e4dffb, max_idle_ns: 881590591483 ns
[    0.000000] Zone ranges:
[    0.000000]   DMA      [mem 0x0000000000001000-0x0000000000ffffff]
[    0.000000]   DMA32    [mem 0x0000000001000000-0x000000003ffeffff]
[    0.000000]   Normal   empty
[    0.000000]   Device   empty
[    0.000000] Movable zone start for each node
[    0.000000] Early memory node ranges
[    0.000000]   node   0: [mem 0x0000000000001000-0x000000000009efff]
[    0.000000]   node   0: [mem 0x0000000000100000-0x000000003ffeffff]
[    0.000000] Initmem setup node 0 [mem 0x0000000000001000-0x000000003ffeffff]
[    0.000000] ACPI: PM-Timer IO Port: 0x4008
[    0.000000] IOAPIC[0]: apic_id 2, version 32, address 0xfec00000, GSI 0-23
[    0.000000] ACPI: INT_SRC_OVR (bus 0 bus_irq 0 global_irq 2 dfl dfl)
[    0.000000] ACPI: INT_SRC_OVR (bus 0 bus_irq 9 global_irq 9 low level)
[    0.000000] Using ACPI (MADT) for SMP configuration information
[    0.000000] smpboot: Allowing 2 CPUs, 0 hotplug CPUs
[    0.000000] PM: Registered nosave memory: [mem 0x00000000-0x00000fff]
[    0.000000] PM: Registered nosave memory: [mem 0x0009f000-0x0009ffff]
[    0.000000] PM: Registered nosave memory: [mem 0x000a0000-0x000effff]
[    0.000000] PM: Registered nosave memory: [mem 0x000f0000-0x000fffff]
[    0.000000] e820: [mem 0x40000000-0xfebfffff] available for PCI devices
[    0.000000] Booting paravirtualized kernel on KVM
[    0.000000] clocksource: refined-jiffies: mask: 0xffffffff max_cycles: 0xffffffff, max_idle_ns: 7645519600211568 ns
[    0.000000] setup_percpu: NR_CPUS:512 nr_cpumask_bits:512 nr_cpu_ids:2 nr_node_ids:1
[    0.000000] PERCPU: Embedded 34 pages/cpu @ffff88003fc00000 s99544 r8192 d31528 u1048576
[    0.000000] Built 1 zonelists in Node order, mobility grouping on.  Total pages: 257912
[    0.000000] Policy zone: DMA32
[    0.000000] Kernel command line: BOOT_IMAGE=/boot/vmlinuz-4.4.0-161-generic root=LABEL=cloudimg-rootfs ro console=tty1 console=ttyS0
[    0.000000] PID hash table entries: 4096 (order: 3, 32768 bytes)
[    0.000000] Memory: 997724K/1048120K available (8622K kernel code, 1335K rwdata, 4032K rodata, 1488K init, 1284K bss, 50396K reserved, 0K cma-reserved)
[    0.000000] SLUB: HWalign=64, Order=0-3, MinObjects=0, CPUs=2, Nodes=1
[    0.000000] Hierarchical RCU implementation.
[    0.000000] 	Build-time adjustment of leaf fanout to 64.
[    0.000000] 	RCU restricting CPUs from NR_CPUS=512 to nr_cpu_ids=2.
[    0.000000] RCU: Adjusting geometry for rcu_fanout_leaf=64, nr_cpu_ids=2
[    0.000000] NR_IRQS:33024 nr_irqs:440 16
[    0.000000] Console: colour VGA+ 80x25
[    0.000000] console [tty1] enabled
[    0.000000] console [ttyS0] enabled
[    0.000000] tsc: Detected 2495.312 MHz processor
[    0.203078] Calibrating delay loop (skipped) preset value.. 4990.62 BogoMIPS (lpj=9981248)
[    0.204789] pid_max: default: 32768 minimum: 301
[    0.205704] ACPI: Core revision 20150930
[    0.207515] ACPI: 2 ACPI AML tables successfully acquired and loaded
[    0.208777] Security Framework initialized
[    0.209611] Yama: becoming mindful.
[    0.210328] AppArmor: AppArmor initialized
[    0.211194] Dentry cache hash table entries: 131072 (order: 8, 1048576 bytes)
[    0.212570] Inode-cache hash table entries: 65536 (order: 7, 524288 bytes)
[    0.215009] Mount-cache hash table entries: 2048 (order: 2, 16384 bytes)
[    0.216186] Mountpoint-cache hash table entries: 2048 (order: 2, 16384 bytes)
[    0.217586] Initializing cgroup subsys io
[    0.218421] Initializing cgroup subsys memory
[    0.219329] Initializing cgroup subsys devices
[    0.220203] Initializing cgroup subsys freezer
[    0.221092] Initializing cgroup subsys net_cls
[    0.221961] Initializing cgroup subsys perf_event
[    0.222943] Initializing cgroup subsys net_prio
[    0.223842] Initializing cgroup subsys hugetlb
[    0.224712] Initializing cgroup subsys pids
[    0.359194] mce: CPU supports 0 MCE banks
[    0.360045] Last level iTLB entries: 4KB 1024, 2MB 1024, 4MB 512
[    0.361029] Last level dTLB entries: 4KB 1536, 2MB 1536, 4MB 768, 1GB 0
[    0.362102] Spectre V1 : Mitigation: usercopy/swapgs barriers and __user pointer sanitization
[    0.363694] Spectre V2 : Spectre mitigation: LFENCE not serializing, switching to generic retpoline
[    0.365273] Spectre V2 : Mitigation: Full generic retpoline
[    0.366298] Spectre V2 : Spectre v2 / SpectreRSB mitigation: Filling RSB on context switch
[    0.367919] Speculative Store Bypass: Mitigation: Speculative Store Bypass disabled via prctl and seccomp
[    0.372282] Freeing SMP alternatives memory: 36K
[    0.379012] ftrace: allocating 32318 entries in 127 pages
[    0.443132] smpboot: APIC(0) Converting physical 0 to logical package 0
[    0.444412] smpboot: Max logical packages: 1
[    0.445551] x2apic enabled
[    0.446477] Switched APIC routing to physical x2apic.
[    0.449224] ..TIMER: vector=0x30 apic1=0 pin1=2 apic2=-1 pin2=-1
[    0.554975] smpboot: CPU0: AMD Ryzen 3 2200U with Radeon Vega Mobile Gfx (family: 0x17, model: 0x11, stepping: 0x0)
[    0.558316] Performance Events: Broken PMU hardware detected, using software events only.
[    0.560437] Failed to access perfctr msr (MSR c0010007 is 0)
[    0.570128] KVM setup paravirtual spinlock
[    0.574335] x86: Booting SMP configuration:
[    0.575395] .... node  #0, CPUs:      #1
[    0.576560] kvm-clock: cpu 1, msr 0:3ffe3041, secondary cpu clock
[    0.703615] mce: CPU supports 0 MCE banks
[    0.706216] x86: Booted up 1 node, 2 CPUs
[    0.707185] smpboot: Total of 2 processors activated (9981.24 BogoMIPS)
[    0.709054] devtmpfs: initialized
[    0.711321] evm: security.selinux
[    0.711985] evm: security.SMACK64
[    0.712668] evm: security.SMACK64EXEC
[    0.713359] evm: security.SMACK64TRANSMUTE
[    0.714102] evm: security.SMACK64MMAP
[    0.714781] evm: security.ima
[    0.715371] evm: security.capability
[    0.716399] clocksource: jiffies: mask: 0xffffffff max_cycles: 0xffffffff, max_idle_ns: 7645041785100000 ns
[    0.718032] futex hash table entries: 512 (order: 3, 32768 bytes)
[    0.719217] pinctrl core: initialized pinctrl subsystem
[    0.720209] RTC time: 17:29:09, date: 09/26/19
[    0.724150] NET: Registered protocol family 16
[    0.736086] cpuidle: using governor ladder
[    0.747825] cpuidle: using governor menu
[    0.748759] PCCT header not found.
[    0.750466] ACPI: bus type PCI registered
[    0.751364] acpiphp: ACPI Hot Plug PCI Controller Driver version: 0.5
[    0.752763] PCI: Using configuration type 1 for base access
[    0.753873] PCI: Using configuration type 1 for extended access
[    0.768476] ACPI: Added _OSI(Module Device)
[    0.769334] ACPI: Added _OSI(Processor Device)
[    0.770194] ACPI: Added _OSI(3.0 _SCP Extensions)
[    0.771114] ACPI: Added _OSI(Processor Aggregator Device)
[    0.772666] ACPI: Executed 1 blocks of module-level executable AML code
[    0.775835] ACPI: Interpreter enabled
[    0.776590] ACPI: (supports S0 S5)
[    0.777355] ACPI: Using IOAPIC for interrupt routing
[    0.778367] PCI: Using host bridge windows from ACPI; if necessary, use "pci=nocrs" and report a bug
[    0.782989] ACPI: PCI Root Bridge [PCI0] (domain 0000 [bus 00-ff])
[    0.783956] acpi PNP0A03:00: _OSC: OS supports [ExtendedConfig ASPM ClockPM Segments MSI]
[    0.785835] acpi PNP0A03:00: _OSC: platform does not support [PCIeCapability]
[    0.787293] acpi PNP0A03:00: _OSC: not requesting control; platform does not support [PCIeCapability]
[    0.789088] acpi PNP0A03:00: _OSC: OS requested [PCIeHotplug PME AER PCIeCapability]
[    0.790567] acpi PNP0A03:00: _OSC: platform willing to grant [PCIeHotplug PME AER]
[    0.792180] acpi PNP0A03:00: _OSC failed (AE_SUPPORT); disabling ASPM
[    0.793783] PCI host bridge to bus 0000:00
[    0.794701] pci_bus 0000:00: root bus resource [io  0x0000-0x0cf7 window]
[    0.808706] pci_bus 0000:00: root bus resource [io  0x0d00-0xffff window]
[    0.810618] pci_bus 0000:00: root bus resource [mem 0x000a0000-0x000bffff window]
[    0.812673] pci_bus 0000:00: root bus resource [mem 0x40000000-0xfdffffff window]
[    0.814799] pci_bus 0000:00: root bus resource [bus 00-ff]
[    0.818177] pci 0000:00:01.1: legacy IDE quirk: reg 0x10: [io  0x01f0-0x01f7]
[    0.819411] pci 0000:00:01.1: legacy IDE quirk: reg 0x14: [io  0x03f6]
[    0.820840] pci 0000:00:01.1: legacy IDE quirk: reg 0x18: [io  0x0170-0x0177]
[    0.822691] pci 0000:00:01.1: legacy IDE quirk: reg 0x1c: [io  0x0376]
[    0.848538] pci 0000:00:07.0: quirk: [io  0x4000-0x403f] claimed by PIIX4 ACPI
[    0.850182] pci 0000:00:07.0: quirk: [io  0x4100-0x410f] claimed by PIIX4 SMB
[    0.867670] ACPI: PCI Interrupt Link [LNKA] (IRQs 5 9 10 *11)
[    0.870359] ACPI: PCI Interrupt Link [LNKB] (IRQs 5 9 *10 11)
[    0.872451] ACPI: PCI Interrupt Link [LNKC] (IRQs 5 *9 10 11)
[    0.875481] ACPI: PCI Interrupt Link [LNKD] (IRQs 5 9 10 *11)
[    0.877614] ACPI: Enabled 2 GPEs in block 00 to 07
[    0.879546] vgaarb: setting as boot device: PCI:0000:00:02.0
[    0.882006] vgaarb: device added: PCI:0000:00:02.0,decodes=io+mem,owns=io+mem,locks=none
[    0.884624] vgaarb: loaded
[    0.885471] vgaarb: bridge control possible 0000:00:02.0
[    0.886817] SCSI subsystem initialized
[    0.889109] ACPI: bus type USB registered
[    0.891002] usbcore: registered new interface driver usbfs
[    0.892279] usbcore: registered new interface driver hub
[    0.893909] usbcore: registered new device driver usb
[    0.895860] PCI: Using ACPI for IRQ routing
[    0.897174] NetLabel: Initializing
[    0.898107] NetLabel:  domain hash size = 128
[    0.899117] NetLabel:  protocols = UNLABELED CIPSOv4
[    0.900514] NetLabel:  unlabeled traffic allowed by default
[    0.902235] amd_nb: Cannot enumerate AMD northbridges
[    0.903621] clocksource: Switched to clocksource kvm-clock
[    0.915255] AppArmor: AppArmor Filesystem Enabled
[    0.916616] pnp: PnP ACPI init
[    0.918508] pnp: PnP ACPI: found 3 devices
[    0.930049] clocksource: acpi_pm: mask: 0xffffff max_cycles: 0xffffff, max_idle_ns: 2085701024 ns
[    0.932366] NET: Registered protocol family 2
[    0.933974] TCP established hash table entries: 8192 (order: 4, 65536 bytes)
[    0.935629] TCP bind hash table entries: 8192 (order: 5, 131072 bytes)
[    0.937204] TCP: Hash tables configured (established 8192 bind 8192)
[    0.938757] UDP hash table entries: 512 (order: 2, 16384 bytes)
[    0.940090] UDP-Lite hash table entries: 512 (order: 2, 16384 bytes)
[    0.941525] NET: Registered protocol family 1
[    0.942602] pci 0000:00:00.0: Limiting direct PCI/PCI transfers
[    0.943854] pci 0000:00:01.0: Activating ISA DMA hang workarounds
[    0.946135] Unpacking initramfs...
[    1.241752] Freeing initrd memory: 14832K
[    1.242988] clocksource: tsc: mask: 0xffffffffffffffff max_cycles: 0x23f7ed49df2, max_idle_ns: 440795247253 ns
[    1.245660] platform rtc_cmos: registered platform RTC device (no PNP device found)
[    1.247819] Scanning for low memory corruption every 60 seconds
[    1.249789] audit: initializing netlink subsys (disabled)
[    1.251043] audit: type=2000 audit(1569518958.273:1): initialized
[    1.252882] Initialise system trusted keyring
[    1.254421] HugeTLB registered 2 MB page size, pre-allocated 0 pages
[    1.257383] zbud: loaded
[    1.258747] VFS: Disk quotas dquot_6.6.0
[    1.259940] VFS: Dquot-cache hash table entries: 512 (order 0, 4096 bytes)
[    1.261900] squashfs: version 4.0 (2009/01/31) Phillip Lougher
[    1.263601] fuse init (API version 7.23)
[    1.264652] Key type big_key registered
[    1.265481] Allocating IMA MOK and blacklist keyrings.
[    1.273925] Key type asymmetric registered
[    1.275134] Asymmetric key parser 'x509' registered
[    1.276424] Block layer SCSI generic (bsg) driver version 0.4 loaded (major 249)
[    1.278058] io scheduler noop registered
[    1.278913] io scheduler deadline registered (default)
[    1.279962] io scheduler cfq registered
[    1.280867] pci_hotplug: PCI Hot Plug PCI Core version: 0.5
[    1.281889] pciehp: PCI Express Hot Plug Controller Driver version: 0.4
[    1.283131] ACPI: AC Adapter [AC] (on-line)
[    1.283969] input: Power Button as /devices/LNXSYSTM:00/LNXPWRBN:00/input/input0
[    1.285372] ACPI: Power Button [PWRF]
[    1.286157] input: Sleep Button as /devices/LNXSYSTM:00/LNXSLPBN:00/input/input1
[    1.287581] ACPI: Sleep Button [SLPF]
[    1.288474] GHES: HEST is not enabled!
[    1.289112] ACPI: Battery Slot [BAT0] (battery present)
[    1.290275] Serial: 8250/16550 driver, 32 ports, IRQ sharing enabled
[    1.311985] 00:02: ttyS0 at I/O 0x3f8 (irq = 4, base_baud = 115200) is a 16550A
[    1.316707] Linux agpgart interface v0.103
[    1.320157] loop: module loaded
[    1.321759] scsi host0: ata_piix
[    1.322690] scsi host1: ata_piix
[    1.323707] ata1: PATA max UDMA/33 cmd 0x1f0 ctl 0x3f6 bmdma 0xd000 irq 14
[    1.325387] ata2: PATA max UDMA/33 cmd 0x170 ctl 0x376 bmdma 0xd008 irq 15
[    1.327278] libphy: Fixed MDIO Bus: probed
[    1.328646] tun: Universal TUN/TAP device driver, 1.6
[    1.329798] tun: (C) 1999-2004 Max Krasnyansky <maxk@qualcomm.com>
[    1.331125] PPP generic driver version 2.4.2
[    1.332150] ehci_hcd: USB 2.0 'Enhanced' Host Controller (EHCI) Driver
[    1.333390] ehci-pci: EHCI PCI platform driver
[    1.334319] ehci-platform: EHCI generic platform driver
[    1.335357] ohci_hcd: USB 1.1 'Open' Host Controller (OHCI) Driver
[    1.336701] ohci-pci: OHCI PCI platform driver
[    1.337646] ohci-platform: OHCI generic platform driver
[    1.338700] uhci_hcd: USB Universal Host Controller Interface driver
[    1.340008] i8042: PNP: PS/2 Controller [PNP0303:PS2K,PNP0f03:PS2M] at 0x60,0x64 irq 1,12
[    1.342385] serio: i8042 KBD port at 0x60,0x64 irq 1
[    1.343380] serio: i8042 AUX port at 0x60,0x64 irq 12
[    1.344547] mousedev: PS/2 mouse device common for all mice
[    1.346158] input: AT Translated Set 2 keyboard as /devices/platform/i8042/serio0/input/input2
[    1.348389] rtc_cmos rtc_cmos: rtc core: registered rtc_cmos as rtc0
[    1.349678] rtc_cmos rtc_cmos: alarms up to one day, 114 bytes nvram
[    1.350947] i2c /dev entries driver
[    1.351788] device-mapper: uevent: version 1.0.3
[    1.353042] device-mapper: ioctl: 4.34.0-ioctl (2015-10-28) initialised: dm-devel@redhat.com
[    1.354834] ledtrig-cpu: registered to indicate activity on CPUs
[    1.356472] NET: Registered protocol family 10
[    1.357835] NET: Registered protocol family 17
[    1.359592] Key type dns_resolver registered
[    1.361399] registered taskstats version 1
[    1.362559] Loading compiled-in X.509 certificates
[    1.364741] Loaded X.509 cert 'Build time autogenerated kernel key: bdcb03bd89688fd1ecb3c1b37e77d69239145881'
[    1.367328] zswap: loaded using pool lzo/zbud
[    1.371074] Key type trusted registered
[    1.376118] Key type encrypted registered
[    1.377102] AppArmor: AppArmor sha1 policy hashing enabled
[    1.378299] ima: No TPM chip found, activating TPM-bypass!
[    1.379609] ima: Allocated hash algorithm: sha1
[    1.380706] evm: HMAC attrs: 0x1
[    1.382178]   Magic number: 3:702:492
[    1.383177] rtc_cmos rtc_cmos: setting system clock to 2019-09-26 17:29:10 UTC (1569518950)
[    1.385299] BIOS EDD facility v0.16 2004-Jun-25, 0 devices found
[    1.386492] EDD information not available.
[    1.486020] Freeing unused kernel memory: 1488K
[    1.488033] Write protecting the kernel read-only data: 14336k
[    1.491125] Freeing unused kernel memory: 1608K
[    1.493166] Freeing unused kernel memory: 64K
Loading, please wait...
starting version 229
[    1.515116] random: systemd-udevd: uninitialized urandom read (16 bytes read, 3 bits of entropy available)
[    1.516054] random: udevadm: uninitialized urandom read (16 bytes read, 3 bits of entropy available)
[    1.516169] random: udevadm: uninitialized urandom read (16 bytes read, 3 bits of entropy available)
[    1.522457] random: systemd-udevd: uninitialized urandom read (16 bytes read, 3 bits of entropy available)
[    1.525022] random: systemd-udevd: uninitialized urandom read (16 bytes read, 3 bits of entropy available)
[    1.527307] random: udevadm: uninitialized urandom read (16 bytes read, 3 bits of entropy available)
[    1.527453] random: udevadm: uninitialized urandom read (16 bytes read, 3 bits of entropy available)
[    1.527821] random: udevadm: uninitialized urandom read (16 bytes read, 3 bits of entropy available)
[    1.528002] random: udevadm: uninitialized urandom read (16 bytes read, 3 bits of entropy available)
[    1.528198] random: udevadm: uninitialized urandom read (16 bytes read, 3 bits of entropy available)
[    1.692972] e1000: Intel(R) PRO/1000 Network Driver - version 7.3.21-k8-NAPI
[    1.694432] e1000: Copyright (c) 1999-2006 Intel Corporation.
[    1.696149] Fusion MPT base driver 3.04.20
[    1.697009] Copyright (c) 1999-2008 LSI Corporation
[    1.701467] Fusion MPT SPI Host driver 3.04.20
[    1.745698] AVX2 version of gcm_enc/dec engaged.
[    1.746769] AES CTR mode by8 optimization enabled
[    1.931482] input: ImExPS/2 Generic Explorer Mouse as /devices/platform/i8042/serio1/input/input4
[    2.112685] e1000 0000:00:03.0 eth0: (PCI:33MHz:32-bit) 02:ab:0c:c8:bd:75
[    2.114530] e1000 0000:00:03.0 eth0: Intel(R) PRO/1000 Network Connection
[    2.603915] e1000 0000:00:08.0 eth1: (PCI:33MHz:32-bit) 08:00:27:c0:ae:11
[    2.606537] e1000 0000:00:08.0 eth1: Intel(R) PRO/1000 Network Connection
[    2.609568] mptbase: ioc0: Initiating bringup
[    2.610454] e1000 0000:00:03.0 enp0s3: renamed from eth0
[    2.620313] e1000 0000:00:08.0 enp0s8: renamed from eth1
[    2.683221] ioc0: LSI53C1030 A0: Capabilities={Initiator}
[    3.380699] scsi host2: ioc0: LSI53C1030 A0, FwRev=00000000h, Ports=1, MaxQ=256, IRQ=20
[    4.254134] scsi 2:0:0:0: Direct-Access     VBOX     HARDDISK         1.0  PQ: 0 ANSI: 5
[    4.257775] scsi target2:0:0: Beginning Domain Validation
[    4.261560] scsi target2:0:0: Domain Validation skipping write tests
[    4.264185] scsi target2:0:0: Ending Domain Validation
[    4.266481] scsi target2:0:0: asynchronous
[    4.269531] scsi 2:0:1:0: Direct-Access     VBOX     HARDDISK         1.0  PQ: 0 ANSI: 5
[    4.271714] scsi target2:0:1: Beginning Domain Validation
[    4.274741] scsi target2:0:1: Domain Validation skipping write tests
[    4.276139] scsi target2:0:1: Ending Domain Validation
[    4.277304] scsi target2:0:1: asynchronous
[    4.286780] sd 2:0:0:0: Attached scsi generic sg0 type 0
[    4.289293] sd 2:0:0:0: [sda] 20971520 512-byte logical blocks: (10.7 GB/10.0 GiB)
[    4.289465] sd 2:0:0:0: [sda] Write Protect is off
[    4.289577] sd 2:0:0:0: [sda] Incomplete mode parameter data
[    4.289579] sd 2:0:0:0: [sda] Assuming drive cache: write through
[    4.296567] sd 2:0:1:0: [sdb] 20480 512-byte logical blocks: (10.5 MB/10.0 MiB)
[    4.298537] sd 2:0:1:0: Attached scsi generic sg1 type 0
[    4.301845] sd 2:0:1:0: [sdb] Write Protect is off
[    4.303259] sd 2:0:1:0: [sdb] Incomplete mode parameter data
[    4.304754] sd 2:0:1:0: [sdb] Assuming drive cache: write through
[    4.312082]  sda: sda1
[    4.314492] sd 2:0:0:0: [sda] Attached SCSI disk
[    4.371749] sd 2:0:1:0: [sdb] Attached SCSI disk
Begin: Loading essential drivers ... [    6.085737] md: linear personality registered for level -1
[    6.089524] md: multipath personality registered for level -4
[    6.093603] md: raid0 personality registered for level 0
[    6.098104] md: raid1 personality registered for level 1
[    6.168199] raid6: sse2x1   gen()  7637 MB/s
[    6.235838] raid6: sse2x1   xor()  6820 MB/s
[    6.303639] raid6: sse2x2   gen()  9487 MB/s
[    6.371967] raid6: sse2x2   xor()  4660 MB/s
[    6.439619] raid6: sse2x4   gen() 11930 MB/s
[    6.508081] raid6: sse2x4   xor()  6153 MB/s
[    6.575713] raid6: avx2x1   gen() 15510 MB/s
[    6.671954] raid6: avx2x2   gen() 11815 MB/s
[    6.744144] raid6: avx2x4   gen() 10180 MB/s
[    6.745076] raid6: using algorithm avx2x1 gen() 15510 MB/s
[    6.746121] raid6: using avx2x2 recovery algorithm
[    6.748527] xor: automatically using best checksumming function:
[    6.788239]    avx       : 10082.000 MB/sec
[    6.790576] async_tx: api initialized (async)
[    6.805684] md: raid6 personality registered for level 6
[    6.807329] md: raid5 personality registered for level 5
[    6.808580] md: raid4 personality registered for level 4
[    6.816484] md: raid10 personality registered for level 10
done.
Begin: Running /scripts/init-premount ... done.
Begin: Mounting root file system ... Begin: Running /scripts/local-top ... done.
Begin: Running /scripts/local-premount ... [    6.876171] Btrfs loaded
Scanning for Btrfs filesystems
done.
Warning: fsck not present, so skipping root file system
[    7.010394] EXT4-fs (sda1): mounted filesystem with ordered data mode. Opts: (null)
done.
Begin: Running /scripts/local-bottom ... done.
Begin: Running /scripts/init-bottom ... done.
[    7.556545] random: nonblocking pool is initialized
[    7.628461] systemd[1]: systemd 229 running in system mode. (+PAM +AUDIT +SELINUX +IMA +APPARMOR +SMACK +SYSVINIT +UTMP +LIBCRYPTSETUP +GCRYPT +GNUTLS +ACL +XZ -LZ4 +SECCOMP +BLKID +ELFUTILS +KMOD -IDN)
[    7.632347] systemd[1]: Detected virtualization oracle.
[    7.633587] systemd[1]: Detected architecture x86-64.

Welcome to [1mUbuntu 16.04.6 LTS[0m!

[    7.671337] systemd[1]: Set hostname to <ubuntu>.
[    7.699355] systemd[1]: Initializing machine ID from random generator.
[    7.700946] systemd[1]: Installed transient /etc/machine-id file.
[    8.343761] systemd[1]: Started Forward Password Requests to Wall Directory Watch.
[[0;32m  OK  [0m] Started Forward Password Requests to Wall Directory Watch.
[    8.351890] systemd[1]: Listening on Journal Socket (/dev/log).
[[0;32m  OK  [0m] Listening on Journal Socket (/dev/log).
[    8.354102] systemd[1]: Reached target User and Group Name Lookups.
[[0;32m  OK  [0m] Reached target User and Group Name Lookups.
[    8.356391] systemd[1]: Listening on Journal Socket.
[[0;32m  OK  [0m] Listening on Journal Socket.
[    8.358453] systemd[1]: Listening on Syslog Socket.
[[0;32m  OK  [0m] Listening on Syslog Socket.
[    8.360619] systemd[1]: Created slice User and Session Slice.
[[0;32m  OK  [0m] Created slice User and Session Slice.
[    8.362779] systemd[1]: Listening on udev Control Socket.
[[0;32m  OK  [0m] Listening on udev Control Socket.
[    8.365153] systemd[1]: Reached target Swap.
[[0;32m  OK  [0m] Reached target Swap.
[    8.367396] systemd[1]: Listening on LVM2 metadata daemon socket.
[[0;32m  OK  [0m] Listening on LVM2 metadata daemon socket.
[    8.370467] systemd[1]: Listening on LVM2 poll daemon socket.
[[0;32m  OK  [0m] Listening on LVM2 poll daemon socket.
[    8.373429] systemd[1]: Listening on /dev/initctl Compatibility Named Pipe.
[[0;32m  OK  [0m] Listening on /dev/initctl Compatibility Named Pipe.
[    8.376725] systemd[1]: Listening on Journal Audit Socket.
[[0;32m  OK  [0m] Listening on Journal Audit Socket.
[    8.379603] systemd[1]: Listening on udev Kernel Socket.
[[0;32m  OK  [0m] Listening on udev Kernel Socket.
[    8.382333] systemd[1]: Reached target Encrypted Volumes.
[[0;32m  OK  [0m] Reached target Encrypted Volumes.
[    8.385938] systemd[1]: Set up automount Arbitrary Executable File Formats File System Automount Point.
[[0;32m  OK  [0m] Set up automount Arbitrary Executab...ats File System Automount Point.
[    8.391294] systemd[1]: Created slice System Slice.
[[0;32m  OK  [0m] Created slice System Slice.
[    8.400837] systemd[1]: Starting Set console keymap...
         Starting Set console keymap...
[    8.404599] systemd[1]: Created slice system-serial\x2dgetty.slice.
[[0;32m  OK  [0m] Created slice system-serial\x2dgetty.slice.
[    8.420273] systemd[1]: Starting Nameserver information manager...
         Starting Nameserver information manager...
[    8.426647] systemd[1]: Mounting Debug File System...
         Mounting Debug File System...
[    8.442378] systemd[1]: Starting Load Kernel Modules...
         Starting Load Kernel Modules...
[    8.446743] systemd[1]: Reached target Slices.
[[0;32m  OK  [0m] Reached target Slices.
[    8.450025] systemd[1]: Mounting POSIX Message Queue File System...
         Mounting POSIX Message Queue File System...
[    8.455426] systemd[1]: Starting Create list of required static device nodes for the current kernel...
         Starting Create list of required st... nodes for the current kernel...
[    8.464024] systemd[1]: Starting Remount Root and Kernel File Systems...
         Starting Remount Root and Kernel File Systems...
[    8.470597] systemd[1]: Starting Journal Service...
         Starting Journal Service...
[    8.473295] EXT4-fs (sda1): re-mounted. Opts: (null)
[    8.476939] systemd[1]: Starting Uncomplicated firewall...
         Starting Uncomplicated firewall...
[    8.480062] systemd[1]: Listening on Device-mapper event daemon FIFOs.
[[0;32m  OK  [0m] Listening on Device-mapper event daemon FIFOs.
[    8.485630] systemd[1]: Starting Monitoring of LVM2 mirrors, snapshots etc. using dmeventd or progress polling...
         Starting Monitoring of LVM2 mirrors... dmeventd or progress polling...
[    8.493533] systemd[1]: Mounting Huge Pages File System...
         Mounting Huge Pages File System...
[    8.501031] systemd[1]: Started Trigger resolvconf update for networkd DNS.
[[0;32m  OK  [0m] Started Trigger resolvconf update for networkd DNS.
[    8.504555] systemd[1]: Reached target System Time Synchronized.
[[0;32m  OK  [0m] Reached target System Time Synchronized.
[    8.512085] systemd[1]: Mounted Debug File System.
[[0;32m  OK  [0m] Mounted Debug File System.
[    8.515071] systemd[1]: Mounted Huge Pages File System.
[[0;32m  OK  [0m] Mounted Huge Pages File System.
[    8.518214] systemd[1]: Mounted POSIX Message Queue File System.
[    8.521186] Loading iSCSI transport class v2.0-870.
[[0;32m  OK  [0m] Mounted POSIX Message Queue File System.
[    8.525291] systemd[1]: Started Create list of required static device nodes for the current kernel.
[[0;32m  OK  [0m] Started Create list of required sta...ce nodes for the current kernel.
[    8.530266] systemd[1]: Started Remount Root and Kernel File Systems.
[[0;32m  OK  [0m] Started Remount Root and Kernel File Systems.
[    8.534854] systemd[1]: Started Uncomplicated firewall.
[[0;32m  OK  [0m] Started Uncomplicated firewall.
[    8.547784] systemd[1]: Started Set console keymap.
[[0;32m  OK  [0m] Started Set console keymap.
[    8.551301] systemd[1]: Started Nameserver information manager.
[[0;32m  OK  [0m] Started Nameserver information manager.
[    8.619278] iscsi: registered transport (tcp)
[    8.652514] systemd[1]: Starting Load/Save Random Seed...
         Starting Load/Save Random Seed...
[    8.672269] systemd[1]: Starting udev Coldplug all Devices...
         Starting udev Coldplug all Devices...
[    8.676345] systemd[1]: Starting Create Static Device Nodes in /dev...
         Starting Create Static Device Nodes in /dev...
[    8.679339] systemd[1]: Started Journal Service.
[[0;32m  OK  [0m] Started Journal Service.
         Starting Flush Journal to Persistent Storage...
[[0;32m  OK  [0m] Started Load/Save Random Seed.
[    8.806549] systemd-journald[384]: Received request to flush runtime journal from PID 1
[[0;32m  OK  [0m] Started LVM2 metadata daemon.
[[0;32m  OK  [0m] Started Flush Journal to Persistent Storage.
[    8.927619] iscsi: registered transport (iser)
[[0;32m  OK  [0m] Started udev Coldplug all Devices.
[[0;32m  OK  [0m] Started Load Kernel Modules.
         Mounting FUSE Control File System...
         Starting Apply Kernel Variables...
[[0;32m  OK  [0m] Mounted FUSE Control File System.
[[0;32m  OK  [0m] Started Create Static Device Nodes in /dev.
[[0;32m  OK  [0m] Started Apply Kernel Variables.
         Starting udev Kernel Device Manager...
[[0;32m  OK  [0m] Started udev Kernel Device Manager.
[[0;32m  OK  [0m] Started Dispatch Password Requests to Console Directory Watch.
[[0;32m  OK  [0m] Found device /dev/ttyS0.
[[0;32m  OK  [0m] Started Monitoring of LVM2 mirrors,...ng dmeventd or progress polling.
[[0;32m  OK  [0m] Reached target Local File Systems (Pre).
[[0;32m  OK  [0m] Reached target Local File Systems.
         Starting LSB: AppArmor initialization...
         Starting Create Volatile Files and Directories...
         Starting Commit a transient machine-id on disk...
         Starting Set console font and keymap...
         Starting Tell Plymouth To Write Out Runtime Data...
         Starting Initial cloud-init job (pre-networking)...
[[0;32m  OK  [0m] Started Commit a transient machine-id on disk.
[[0;32m  OK  [0m] Started Create Volatile Files and Directories.
         Starting Update UTMP about System Boot/Shutdown...
[[0;32m  OK  [0m] Listening on Load/Save RF Kill Switch Status /dev/rfkill Watch.
[[0;32m  OK  [0m] Started Tell Plymouth To Write Out Runtime Data.
[[0;32m  OK  [0m] Started Update UTMP about System Boot/Shutdown.
[[0;32m  OK  [0m] Started Set console font and keymap.
[[0;32m  OK  [0m] Created slice system-getty.slice.
[[0;32m  OK  [0m] Started LSB: AppArmor initialization.
[   13.171967] cloud-init[510]: Cloud-init v. 19.1-1-gbaa47854-0ubuntu1~16.04.1 running 'init-local' at Thu, 26 Sep 2019 17:29:21 +0000. Up 12.40 seconds.
[[0;32m  OK  [0m] Started Initial cloud-init job (pre-networking).
[[0;32m  OK  [0m] Reached target Network (Pre).
         Starting Raise network interfaces...
[[0;32m  OK  [0m] Started Raise network interfaces.
         Starting Initial cloud-init job (metadata service crawler)...
[[0;32m  OK  [0m] Reached target Network.
[   16.108596] cloud-init[967]: Cloud-init v. 19.1-1-gbaa47854-0ubuntu1~16.04.1 running 'init' at Thu, 26 Sep 2019 17:29:23 +0000. Up 14.31 seconds.
[   16.110724] cloud-init[967]: ci-info: ++++++++++++++++++++++++++++++++++++++Net device info++++++++++++++++++++++++++++++++++++++
[   16.116968] cloud-init[967]: ci-info: +--------+-------+---------------------------+---------------+--------+-------------------+
[   16.119489] cloud-init[967]: ci-info: | Device |   Up  |          Address          |      Mask     | Scope  |     Hw-Address    |
[   16.122023] cloud-init[967]: ci-info: +--------+-------+---------------------------+---------------+--------+-------------------+
[   16.124704] cloud-init[967]: ci-info: | enp0s3 |  True |         10.0.2.15         | 255.255.255.0 | global | 02:ab:0c:c8:bd:75 |
[   16.127275] cloud-init[967]: ci-info: | enp0s3 |  True | fe80::ab:cff:fec8:bd75/64 |       .       |  link  | 02:ab:0c:c8:bd:75 |
[   16.129344] cloud-init[967]: ci-info: | enp0s8 | False |             .             |       .       |   .    | 08:00:27:c0:ae:11 |
[   16.131290] cloud-init[967]: ci-info: |   lo   |  True |         127.0.0.1         |   255.0.0.0   |  host  |         .         |
[   16.133077] cloud-init[967]: ci-info: |   lo   |  True |          ::1/128          |       .       |  host  |         .         |
[   16.134662] cloud-init[967]: ci-info: +--------+-------+---------------------------+---------------+--------+-------------------+
[   16.136866] cloud-init[967]: ci-info: +++++++++++++++++++++++++++Route IPv4 info++++++++++++++++++++++++++++
[   16.138531] cloud-init[967]: ci-info: +-------+-------------+----------+---------------+-----------+-------+
[   16.140189] cloud-init[967]: ci-info: | Route | Destination | Gateway  |    Genmask    | Interface | Flags |
[   16.141940] cloud-init[967]: ci-info: +-------+-------------+----------+---------------+-----------+-------+
[   16.143571] cloud-init[967]: ci-info: |   0   |   0.0.0.0   | 10.0.2.2 |    0.0.0.0    |   enp0s3  |   UG  |
[   16.145562] cloud-init[967]: ci-info: |   1   |   10.0.2.0  | 0.0.0.0  | 255.255.255.0 |   enp0s3  |   U   |
[   16.147214] cloud-init[967]: ci-info: +-------+-------------+----------+---------------+-----------+-------+
[   16.149003] cloud-init[967]: ci-info: +++++++++++++++++++Route IPv6 info+++++++++++++++++++
[   16.152674] cloud-init[967]: ci-info: +-------+-------------+---------+-----------+-------+
[   16.160896] cloud-init[967]: ci-info: | Route | Destination | Gateway | Interface | Flags |
[   16.163176] cloud-init[967]: ci-info: +-------+-------------+---------+-----------+-------+
[   16.165976] cloud-init[967]: ci-info: |   0   |  fe80::/64  |    ::   |   enp0s3  |   U   |
[   16.168608] cloud-init[967]: ci-info: |   3   |   ff00::/8  |    ::   |   enp0s3  |   U   |
[   16.171494] cloud-init[967]: ci-info: +-------+-------------+---------+-----------+-------+
[   16.173140] cloud-init[967]: Generating public/private rsa key pair.
[   16.174408] cloud-init[967]: Your identification has been saved in /etc/ssh/ssh_host_rsa_key.
[   16.175944] cloud-init[967]: Your public key has been saved in /etc/ssh/ssh_host_rsa_key.pub.
[   16.177463] cloud-init[967]: The key fingerprint is:
[   16.178825] cloud-init[967]: SHA256:Bo1PoF0SZFlVnVuLBzFCfaVHQspSO6qOqosxdWtYkmA root@ubuntu-xenial
[   16.180465] cloud-init[967]: The key's randomart image is:
[   16.181858] cloud-init[967]: +---[RSA 2048]----+
[   16.183055] cloud-init[967]: |     .*+o.o++=+.+|
[   16.184271] cloud-init[967]: |     +.*   o.=+=.|
[   16.185601] cloud-init[967]: |.E  . + o . = =oo|
[   16.186768] cloud-init[967]: |.. .   +   o o.+ |
[   16.188004] cloud-init[967]: |  + o   S .   .  |
[   16.189363] cloud-init[967]: | . = . . .       |
[   16.190673] cloud-init[967]: |o . o   .        |
[   16.191963] cloud-init[967]: | + .   o         |
[   16.193347] cloud-init[967]: |. oo... .        |
[   16.194628] cloud-init[967]: +----[SHA256]-----+
[   16.195880] cloud-init[967]: Generating public/private dsa key pair.
[   16.197287] cloud-init[967]: Your identification has been saved in /etc/ssh/ssh_host_dsa_key.
[[0;32m  OK  [0m] Started Initial cloud-init job (metadata service crawler).
[[0;32m  OK  [0m] Reached target Cloud-config availability.
[[0;32m  OK  [0m] Reached target System Initialization.
[[0;32m  OK  [0m] Started Daily Cleanup of Temporary Directories.
[[0;32m  OK  [0m] Started Daily apt download activities.
[[0;32m  OK  [0m] Listening on UUID daemon activation socket.
         Starting Socket activation for snappy daemon.
[   16.198848] cloud-init[967]: Your public key has been saved in /etc/ssh/ssh_host_dsa_key.pub.
[   16.214504] [[0;32m  OK  [0m] Listening on D-Bus System Message Bus Socket.
[[0;32m  OK  [0m] Started Daily apt upgrade and clean activities.
[[0;32m  OK  [0m] Reached target Timers.
[[0;32m  OK  [0m] Listening on ACPID Listen Socket.
cloud-init[967]: The key fingerprint is:
[   16.219171] [[0;32m  OK  [0m] Started ACPI Events Check.
[[0;32m  OK  [0m] Reached target Paths.
cloud-init[967]: SHA256:8oN6/gMBrICvIbAAYxtHPGCOu+hqnIwMMFJDSyfm+LU root@ubuntu-xenial
[   16.222907] cloud-init[967]: The key's randomart image is:
[   16.224489] cloud-init[967]: +---[DSA 1024]----+
[   16.226071] cloud-init[967]: |=*O+.            |
[   16.227463] cloud-init[967]: |X***o            |
[   16.228668] cloud-init[967]: |=Booo.           |
[   16.230246] cloud-init[967]: |Boo. ..          |
[   16.236981] cloud-init[967]: |=+. E ..S        |
[   16.237218] cloud-init[967]: |+.    .+         |
         Starting LXD - unix socket.
[   16.237290] cloud-init[967]: |O .   ..o        |
[   16.241743] cloud-init[967]: |o*   .. ..       |
[   16.241961] cloud-init[967]: |+.  .o....       |
[   16.243322] cloud-init[967]: +----[SHA256]-----+
[   16.243407] cloud-init[967]: Generating public/private ecdsa key pair.
[   16.243507] cloud-init[967]: Your identification has been saved in /etc/ssh/ssh_host_ecdsa_key.
[   16.243562] cloud-init[967]: Your public key has been saved in /etc/ssh/ssh_host_ecdsa_key.pub.
[   16.243630] cloud-init[967]: The key fingerprint is:
[   16.243711] cloud-init[967]: SHA256:9ymXZCUrPNBKhuDB5aAONuJFdTbhMahy12l7lpfhqSA root@ubuntu-xenial
[   16.243771] cloud-init[967]: The key's randomart image is:
[   16.243825] cloud-init[967]: +---[ECDSA 256]---+
[   16.243885] cloud-init[967]: |   o=ooB.        |
[   16.243943] cloud-init[967]: |  .o.*+.+.       |
[   16.244001] cloud-init[967]: |oo..o +.= . . .  |
[   16.244062] cloud-init[967]: |++oo . * + . +   |
[   16.244120] cloud-init[967]: | .+ . . S B B    |
[   16.244179] cloud-init[967]: |     E o = @ o   |
[   16.244238] cloud-init[967]: |      . + + =    |
[   16.244293] cloud-init[967]: |         . o     |
[   16.244373] cloud-init[967]: |                 |
[   16.244714] cloud-init[967]: +----[SHA256]-----+
[   16.244786] cloud-init[967]: Generating public/private ed25519 key pair.
[   16.244854] cloud-init[967]: Your identification has been saved in /etc/ssh/ssh_host_ed25519_key.
[   16.244951] cloud-init[967]: Your public key has been saved in /etc/ssh/ssh_host_ed25519_key.pub.
[   16.245016] cloud-init[967]: The key fingerprint is:
[   16.245082] cloud-init[967]: SHA256:9KZV6OoshHOoKoLi83lJRkn/F6Yp/PYiSKOeEcVUshM root@ubuntu-xenial
[   16.245145] cloud-init[967]: The key's randomart image is:
[   16.245203] cloud-init[967]: +--[ED25519 256]--+
[   16.245266] cloud-init[967]: |     E..         |
[   16.245320] cloud-init[967]: |    o.+    .     |
[   16.245442] cloud-init[967]: |    .=o . . .    |
[   16.245522] cloud-init[967]: |    .o.o o +     |
[   16.245620] cloud-init[967]: |   ..o. S O .    |
[   16.245681] cloud-init[967]: |    ==oo O .     |
[   16.245733] cloud-init[967]: |.  o=++ = .      |
[   16.245787] cloud-init[967]: |=...++.+ +       |
[   16.245850] cloud-init[967]: |*o+=.  .= o.     |
[   16.245911] cloud-init[967]: +----[SHA256]-----+
[[0;32m  OK  [0m] Reached target Network is Online.
         Starting iSCSI initiator daemon (iscsid)...
[[0;32m  OK  [0m] Listening on Socket activation for snappy daemon.
[[0;32m  OK  [0m] Listening on LXD - unix socket.
[[0;32m  OK  [0m] Reached target Sockets.
[[0;32m  OK  [0m] Reached target Basic System.
         Starting LSB: MD monitoring daemon...
[[0;32m  OK  [0m] Started Deferred execution scheduler.
[[0;32m  OK  [0m] Started Regular background program processing daemon.
         Starting Accounts Service...
         Starting Login Service...
[[0;32m  OK  [0m] Started ACPI event daemon.
         Starting LSB: Record successful boot for GRUB...
         Starting LXD - container startup/shutdown...
         Starting Virtualbox guest utils...
         Starting Pollinate to seed the pseudo random number generator...
         Starting System Logging Service...
[[0;32m  OK  [0m] Started D-Bus System Message Bus.
         Starting /etc/rc.local Compatibility...
[[0;32m  OK  [0m] Started FUSE filesystem for LXC.
         Starting Snappy daemon...
[[0;32m  OK  [0m] Started System Logging Service.
[[0;32m  OK  [0m] Started /etc/rc.local Compatibility.
[[0;32m  OK  [0m] Started Login Service.
[[0;32m  OK  [0m] Started Unattended Upgrades Shutdown.
[[0;32m  OK  [0m] Started iSCSI initiator daemon (iscsid).
         Starting Login to default iSCSI targets...
[[0;32m  OK  [0m] Started LSB: Record successful boot for GRUB.
[[0;32m  OK  [0m] Started LSB: MD monitoring daemon.
         Starting Authenticate and Authorize Users to Run Privileged Tasks...
[[0;32m  OK  [0m] Started Login to default iSCSI targets.
[[0;32m  OK  [0m] Reached target Remote File Systems (Pre).
[[0;32m  OK  [0m] Reached target Remote File Systems.
         Starting Permit User Sessions...
         Starting LSB: automatic crash report generation...
         Starting LSB: daemon to balance interrupts for SMP systems...
         Starting LSB: Set the CPU Frequency Scaling governor to "ondemand"...
[[0;32m  OK  [0m] Started LSB: Set the CPU Frequency Scaling governor to "ondemand".
[[0;32m  OK  [0m] Started Permit User Sessions.
         Starting Terminate Plymouth Boot Screen...
         Starting Hold until boot process finishes up...
[[0;32m  OK  [0m] Started Hold until boot process finishes up.
[[0;32m  OK  [0m] Started Terminate Plymouth Boot Screen.
[[0;32m  OK  [0m] Started Getty on tty1.
         Starting Set console scheme...
[[0;32m  OK  [0m] Started Serial Getty on ttyS0.
[[0;32m  OK  [0m] Reached target Login Prompts.
[[0;32m  OK  [0m] Started Set console scheme.
[[0;32m  OK  [0m] Started LSB: daemon to balance interrupts for SMP systems.
[[0;32m  OK  [0m] Started LSB: automatic crash report generation.
[[0;32m  OK  [0m] Started Authenticate and Authorize Users to Run Privileged Tasks.
[[0;32m  OK  [0m] Started Accounts Service.
[[0;32m  OK  [0m] Started Virtualbox guest utils.
[[0;32m  OK  [0m] Started LXD - container startup/shutdown.
[[0;32m  OK  [0m] Started Snappy daemon.
         Starting Wait until snapd is fully seeded...
[[0;32m  OK  [0m] Started Pollinate to seed the pseudo random number generator.
         Starting OpenBSD Secure Shell server...
[[0;32m  OK  [0m] Started OpenBSD Secure Shell server.
[[0;32m  OK  [0m] Created slice User Slice of vagrant.
         Starting User Manager for UID 1000...
[[0;32m  OK  [0m] Started Session 1 of user vagrant.
[[0;32m  OK  [0m] Started User Manager for UID 1000.

Ubuntu 16.04.6 LTS ubuntu-xenial ttyS0

ubuntu-xenial login: [   25.784066] cloud-init[1403]: Generating locales (this might take a while)...
[   27.595445] cloud-init[1403]:   en_US.UTF-8... done
[   27.596059] cloud-init[1403]: Generation complete.
[   30.072413] cloud-init[1403]: Cloud-init v. 19.1-1-gbaa47854-0ubuntu1~16.04.1 running 'modules:config' at Thu, 26 Sep 2019 17:29:35 +0000. Up 25.57 seconds.
ci-info: no authorized ssh keys fingerprints found for user ubuntu.
<14>Sep 26 17:29:40 ec2: 
<14>Sep 26 17:29:40 ec2: #############################################################
<14>Sep 26 17:29:40 ec2: -----BEGIN SSH HOST KEY FINGERPRINTS-----
<14>Sep 26 17:29:40 ec2: 1024 SHA256:8oN6/gMBrICvIbAAYxtHPGCOu+hqnIwMMFJDSyfm+LU root@ubuntu-xenial (DSA)
<14>Sep 26 17:29:40 ec2: 256 SHA256:9ymXZCUrPNBKhuDB5aAONuJFdTbhMahy12l7lpfhqSA root@ubuntu-xenial (ECDSA)
<14>Sep 26 17:29:40 ec2: 256 SHA256:9KZV6OoshHOoKoLi83lJRkn/F6Yp/PYiSKOeEcVUshM root@ubuntu-xenial (ED25519)
<14>Sep 26 17:29:40 ec2: 2048 SHA256:Bo1PoF0SZFlVnVuLBzFCfaVHQspSO6qOqosxdWtYkmA root@ubuntu-xenial (RSA)
<14>Sep 26 17:29:40 ec2: -----END SSH HOST KEY FINGERPRINTS-----
<14>Sep 26 17:29:40 ec2: #############################################################
-----BEGIN SSH HOST KEY KEYS-----
ecdsa-sha2-nistp256 AAAAE2VjZHNhLXNoYTItbmlzdHAyNTYAAAAIbmlzdHAyNTYAAABBBCEzXTQWYbburgFNczYlaHudpZvruk06eagfU8fNJ4/5J39IijME6irSFnoTRBZpw0ifbtmOXcooUFZXEjc/5Gk= root@ubuntu-xenial
ssh-ed25519 AAAAC3NzaC1lZDI1NTE5AAAAIGTR4XNtlm9M0f9yno2IB89wRiKuRF6MQ7N3kBt86bmI root@ubuntu-xenial
ssh-rsa AAAAB3NzaC1yc2EAAAADAQABAAABAQDs7iD7Z/S9I3PvzUsgS/A9LrFI5OWiZvwmUDf8ti/lNty5hBTg9e0DgrEKBvi9dE0rQodqniFTSP6C1NZR0kc7glRm11wciLqQSIHHoU1WqVC7CYn+v9z5PNnoUaNdjSS0cDcIGRC5DrAJUyCVDDZrvBnuG5ey3Xqhi8qVW2F9CHmxwysd7hSsOZTc8c9xv5fN4LoIm5zQRJRV8DeqkCDZBeenFcIBdLd+/Tf75xxQeVsVP1Buk4ovI2cCfmioc9JnnURUuHA46dsn+HNEY03w9chTw1QXV6pvJSg0EOQhQk3MujvZJ8p2OUptuf13A4EL01a8OsZXYw0mrKIOiSkd root@ubuntu-xenial
-----END SSH HOST KEY KEYS-----
[   30.873683] cloud-init[1562]: Cloud-init v. 19.1-1-gbaa47854-0ubuntu1~16.04.1 running 'modules:final' at Thu, 26 Sep 2019 17:29:40 +0000. Up 30.55 seconds.
[   30.875767] cloud-init[1562]: ci-info: no authorized ssh keys fingerprints found for user ubuntu.
[   30.879138] cloud-init[1562]: Cloud-init v. 19.1-1-gbaa47854-0ubuntu1~16.04.1 finished at Thu, 26 Sep 2019 17:29:40 +0000. Datasource DataSourceNoCloud [seed=/dev/sdb][dsmode=net].  Up 30.86 seconds
